<?xml version="1.0" encoding="UTF-8"?>
<testsuites>
  <testsuite name="App\Tests\UnitTesting\UnitClassTesting" file="/Users/stevenlundy/Documents/GitHub/Web_Framework_Assignment/tests/UnitTesting/UnitClassTesting.php" tests="6" assertions="6" errors="0" warnings="0" failures="0" skipped="0" time="0.008514">
    <testcase name="test1ProductGetSet" class="App\Tests\UnitTesting\UnitClassTesting" classname="App.Tests.UnitTesting.UnitClassTesting" file="/Users/stevenlundy/Documents/GitHub/Web_Framework_Assignment/tests/UnitTesting/UnitClassTesting.php" line="15" assertions="1" time="0.003398"/>
    <testcase name="test2ProductExpectedResult" class="App\Tests\UnitTesting\UnitClassTesting" classname="App.Tests.UnitTesting.UnitClassTesting" file="/Users/stevenlundy/Documents/GitHub/Web_Framework_Assignment/tests/UnitTesting/UnitClassTesting.php" line="22" assertions="1" time="0.000041"/>
    <testcase name="test3TableTypeErrorExpected" class="App\Tests\UnitTesting\UnitClassTesting" classname="App.Tests.UnitTesting.UnitClassTesting" file="/Users/stevenlundy/Documents/GitHub/Web_Framework_Assignment/tests/UnitTesting/UnitClassTesting.php" line="31" assertions="1" time="0.002578"/>
    <testcase name="test4StatusGetSet" class="App\Tests\UnitTesting\UnitClassTesting" classname="App.Tests.UnitTesting.UnitClassTesting" file="/Users/stevenlundy/Documents/GitHub/Web_Framework_Assignment/tests/UnitTesting/UnitClassTesting.php" line="38" assertions="1" time="0.000217"/>
    <testcase name="test5UserEraseCredentials" class="App\Tests\UnitTesting\UnitClassTesting" classname="App.Tests.UnitTesting.UnitClassTesting" file="/Users/stevenlundy/Documents/GitHub/Web_Framework_Assignment/tests/UnitTesting/UnitClassTesting.php" line="45" assertions="1" time="0.002213"/>
    <testcase name="test6CompareRolesForDifferentUsers" class="App\Tests\UnitTesting\UnitClassTesting" classname="App.Tests.UnitTesting.UnitClassTesting" file="/Users/stevenlundy/Documents/GitHub/Web_Framework_Assignment/tests/UnitTesting/UnitClassTesting.php" line="54" assertions="1" time="0.000067"/>
  </testsuite>
</testsuites>
