<?xml version="1.0" encoding="UTF-8"?>
<testsuites>
  <testsuite name="App\Tests\UnitTesting\UnitClassTesting" file="C:\Users\Graha\Documents\GitHub\Web_Framework_Assignment\tests\UnitTesting\UnitClassTesting.php" tests="9" assertions="10" errors="0" warnings="0" failures="0" skipped="0" time="0.010887">
    <testcase name="test1ProductGetSet" class="App\Tests\UnitTesting\UnitClassTesting" classname="App.Tests.UnitTesting.UnitClassTesting" file="C:\Users\Graha\Documents\GitHub\Web_Framework_Assignment\tests\UnitTesting\UnitClassTesting.php" line="17" assertions="1" time="0.004447"/>
    <testcase name="test2ProductExpectedResult" class="App\Tests\UnitTesting\UnitClassTesting" classname="App.Tests.UnitTesting.UnitClassTesting" file="C:\Users\Graha\Documents\GitHub\Web_Framework_Assignment\tests\UnitTesting\UnitClassTesting.php" line="24" assertions="1" time="0.000125"/>
    <testcase name="test3TableTypeErrorExpected" class="App\Tests\UnitTesting\UnitClassTesting" classname="App.Tests.UnitTesting.UnitClassTesting" file="C:\Users\Graha\Documents\GitHub\Web_Framework_Assignment\tests\UnitTesting\UnitClassTesting.php" line="33" assertions="1" time="0.002776"/>
    <testcase name="test4StatusGetSet" class="App\Tests\UnitTesting\UnitClassTesting" classname="App.Tests.UnitTesting.UnitClassTesting" file="C:\Users\Graha\Documents\GitHub\Web_Framework_Assignment\tests\UnitTesting\UnitClassTesting.php" line="40" assertions="1" time="0.000381"/>
    <testcase name="test5UserEraseCredentials" class="App\Tests\UnitTesting\UnitClassTesting" classname="App.Tests.UnitTesting.UnitClassTesting" file="C:\Users\Graha\Documents\GitHub\Web_Framework_Assignment\tests\UnitTesting\UnitClassTesting.php" line="47" assertions="1" time="0.001778"/>
    <testcase name="test6CompareRolesForDifferentUsers" class="App\Tests\UnitTesting\UnitClassTesting" classname="App.Tests.UnitTesting.UnitClassTesting" file="C:\Users\Graha\Documents\GitHub\Web_Framework_Assignment\tests\UnitTesting\UnitClassTesting.php" line="56" assertions="1" time="0.000194"/>
    <testcase name="test7RemoveTable" class="App\Tests\UnitTesting\UnitClassTesting" classname="App.Tests.UnitTesting.UnitClassTesting" file="C:\Users\Graha\Documents\GitHub\Web_Framework_Assignment\tests\UnitTesting\UnitClassTesting.php" line="64" assertions="1" time="0.000066"/>
    <testcase name="test8PaymentAccepted" class="App\Tests\UnitTesting\UnitClassTesting" classname="App.Tests.UnitTesting.UnitClassTesting" file="C:\Users\Graha\Documents\GitHub\Web_Framework_Assignment\tests\UnitTesting\UnitClassTesting.php" line="74" assertions="2" time="0.000732"/>
    <testcase name="test9CheckCardLength" class="App\Tests\UnitTesting\UnitClassTesting" classname="App.Tests.UnitTesting.UnitClassTesting" file="C:\Users\Graha\Documents\GitHub\Web_Framework_Assignment\tests\UnitTesting\UnitClassTesting.php" line="82" assertions="1" time="0.000389"/>
  </testsuite>
</testsuites>
