<?xml version="1.0" encoding="UTF-8"?>
<testsuites>
  <testsuite name="" tests="16" assertions="26" errors="0" warnings="0" failures="0" skipped="0" time="1.780076">
    <testsuite name="Project Test Suite" tests="16" assertions="26" errors="0" warnings="0" failures="0" skipped="0" time="1.780076">
      <testsuite name="App\Tests\AcceptanceTesting\crudAccessTest" file="C:\Users\james\Desktop\Web_Framework_Assignment\tests\AcceptanceTesting\crudAccessTest.php" tests="11" assertions="11" errors="0" warnings="0" failures="0" skipped="0" time="1.370944">
        <testcase name="testCustomerCannotSeeTableService" class="App\Tests\AcceptanceTesting\crudAccessTest" classname="App.Tests.AcceptanceTesting.crudAccessTest" file="C:\Users\james\Desktop\Web_Framework_Assignment\tests\AcceptanceTesting\crudAccessTest.php" line="10" assertions="1" time="0.484669"/>
        <testcase name="testCustomerCannotSeeAdminArea" class="App\Tests\AcceptanceTesting\crudAccessTest" classname="App.Tests.AcceptanceTesting.crudAccessTest" file="C:\Users\james\Desktop\Web_Framework_Assignment\tests\AcceptanceTesting\crudAccessTest.php" line="20" assertions="1" time="0.029430"/>
        <testcase name="testLoggedInCustomerCannotSeeTableService" class="App\Tests\AcceptanceTesting\crudAccessTest" classname="App.Tests.AcceptanceTesting.crudAccessTest" file="C:\Users\james\Desktop\Web_Framework_Assignment\tests\AcceptanceTesting\crudAccessTest.php" line="31" assertions="1" time="0.085505"/>
        <testcase name="testChefCannotSeeTableService" class="App\Tests\AcceptanceTesting\crudAccessTest" classname="App.Tests.AcceptanceTesting.crudAccessTest" file="C:\Users\james\Desktop\Web_Framework_Assignment\tests\AcceptanceTesting\crudAccessTest.php" line="47" assertions="1" time="0.113417"/>
        <testcase name="testWaiterCanSeeTableService" class="App\Tests\AcceptanceTesting\crudAccessTest" classname="App.Tests.AcceptanceTesting.crudAccessTest" file="C:\Users\james\Desktop\Web_Framework_Assignment\tests\AcceptanceTesting\crudAccessTest.php" line="63" assertions="1" time="0.109668"/>
        <testcase name="testManagerCanSeeTableService" class="App\Tests\AcceptanceTesting\crudAccessTest" classname="App.Tests.AcceptanceTesting.crudAccessTest" file="C:\Users\james\Desktop\Web_Framework_Assignment\tests\AcceptanceTesting\crudAccessTest.php" line="79" assertions="1" time="0.103579"/>
        <testcase name="testAdminCanSeeTableService" class="App\Tests\AcceptanceTesting\crudAccessTest" classname="App.Tests.AcceptanceTesting.crudAccessTest" file="C:\Users\james\Desktop\Web_Framework_Assignment\tests\AcceptanceTesting\crudAccessTest.php" line="95" assertions="1" time="0.111169"/>
        <testcase name="testAdminCanSeeAdminArea" class="App\Tests\AcceptanceTesting\crudAccessTest" classname="App.Tests.AcceptanceTesting.crudAccessTest" file="C:\Users\james\Desktop\Web_Framework_Assignment\tests\AcceptanceTesting\crudAccessTest.php" line="111" assertions="1" time="0.088729"/>
        <testcase name="testWaiterCannotSeeAdminArea" class="App\Tests\AcceptanceTesting\crudAccessTest" classname="App.Tests.AcceptanceTesting.crudAccessTest" file="C:\Users\james\Desktop\Web_Framework_Assignment\tests\AcceptanceTesting\crudAccessTest.php" line="127" assertions="1" time="0.074799"/>
        <testcase name="testLoggedInCustomerCannotSeeAdminArea" class="App\Tests\AcceptanceTesting\crudAccessTest" classname="App.Tests.AcceptanceTesting.crudAccessTest" file="C:\Users\james\Desktop\Web_Framework_Assignment\tests\AcceptanceTesting\crudAccessTest.php" line="143" assertions="1" time="0.090848"/>
        <testcase name="testChefCannotSeeAdminArea" class="App\Tests\AcceptanceTesting\crudAccessTest" classname="App.Tests.AcceptanceTesting.crudAccessTest" file="C:\Users\james\Desktop\Web_Framework_Assignment\tests\AcceptanceTesting\crudAccessTest.php" line="159" assertions="1" time="0.079130"/>
      </testsuite>
      <testsuite name="App\Tests\AcceptanceTesting\pageContentTest" file="C:\Users\james\Desktop\Web_Framework_Assignment\tests\AcceptanceTesting\pageContentTest.php" tests="5" assertions="15" errors="0" warnings="0" failures="0" skipped="0" time="0.409132">
        <testcase name="testIsHomePageResponseSuccessful" class="App\Tests\AcceptanceTesting\pageContentTest" classname="App.Tests.AcceptanceTesting.pageContentTest" file="C:\Users\james\Desktop\Web_Framework_Assignment\tests\AcceptanceTesting\pageContentTest.php" line="10" assertions="3" time="0.094798"/>
        <testcase name="testIsMenuPageResponseSuccessfulCorrect" class="App\Tests\AcceptanceTesting\pageContentTest" classname="App.Tests.AcceptanceTesting.pageContentTest" file="C:\Users\james\Desktop\Web_Framework_Assignment\tests\AcceptanceTesting\pageContentTest.php" line="19" assertions="3" time="0.039306"/>
        <testcase name="testIsAboutUsPageResponseSuccessful" class="App\Tests\AcceptanceTesting\pageContentTest" classname="App.Tests.AcceptanceTesting.pageContentTest" file="C:\Users\james\Desktop\Web_Framework_Assignment\tests\AcceptanceTesting\pageContentTest.php" line="28" assertions="3" time="0.016552"/>
        <testcase name="testIsLoginPageResponseSuccessful" class="App\Tests\AcceptanceTesting\pageContentTest" classname="App.Tests.AcceptanceTesting.pageContentTest" file="C:\Users\james\Desktop\Web_Framework_Assignment\tests\AcceptanceTesting\pageContentTest.php" line="37" assertions="3" time="0.041193"/>
        <testcase name="testIsRegisterPageResponseSuccessful" class="App\Tests\AcceptanceTesting\pageContentTest" classname="App.Tests.AcceptanceTesting.pageContentTest" file="C:\Users\james\Desktop\Web_Framework_Assignment\tests\AcceptanceTesting\pageContentTest.php" line="47" assertions="3" time="0.217283"/>
      </testsuite>
    </testsuite>
  </testsuite>
</testsuites>
