<?xml version="1.0" encoding="UTF-8"?>
<testsuites>
  <testsuite name="App\Tests\UnitTesting\UnitClassTesting" file="C:\Users\Graha\Documents\GitHub\Web_Framework_Assignment\tests\UnitTesting\UnitClassTesting.php" tests="6" assertions="6" errors="0" warnings="0" failures="0" skipped="0" time="0.017487">
    <testcase name="test1ProductGetSet" class="App\Tests\UnitTesting\UnitClassTesting" classname="App.Tests.UnitTesting.UnitClassTesting" file="C:\Users\Graha\Documents\GitHub\Web_Framework_Assignment\tests\UnitTesting\UnitClassTesting.php" line="15" assertions="1" time="0.007106"/>
    <testcase name="test2ProductExpectedResult" class="App\Tests\UnitTesting\UnitClassTesting" classname="App.Tests.UnitTesting.UnitClassTesting" file="C:\Users\Graha\Documents\GitHub\Web_Framework_Assignment\tests\UnitTesting\UnitClassTesting.php" line="22" assertions="1" time="0.000205"/>
    <testcase name="test3TableTypeErrorExpected" class="App\Tests\UnitTesting\UnitClassTesting" classname="App.Tests.UnitTesting.UnitClassTesting" file="C:\Users\Graha\Documents\GitHub\Web_Framework_Assignment\tests\UnitTesting\UnitClassTesting.php" line="31" assertions="1" time="0.006221"/>
    <testcase name="test4StatusGetSet" class="App\Tests\UnitTesting\UnitClassTesting" classname="App.Tests.UnitTesting.UnitClassTesting" file="C:\Users\Graha\Documents\GitHub\Web_Framework_Assignment\tests\UnitTesting\UnitClassTesting.php" line="38" assertions="1" time="0.000648"/>
    <testcase name="test5UserEraseCredentials" class="App\Tests\UnitTesting\UnitClassTesting" classname="App.Tests.UnitTesting.UnitClassTesting" file="C:\Users\Graha\Documents\GitHub\Web_Framework_Assignment\tests\UnitTesting\UnitClassTesting.php" line="45" assertions="1" time="0.002987"/>
    <testcase name="test6CompareRolesForDifferentUsers" class="App\Tests\UnitTesting\UnitClassTesting" classname="App.Tests.UnitTesting.UnitClassTesting" file="C:\Users\Graha\Documents\GitHub\Web_Framework_Assignment\tests\UnitTesting\UnitClassTesting.php" line="54" assertions="1" time="0.000320"/>
  </testsuite>
</testsuites>
